Determining if the pthread_create exist failed with the following output:
Change Dir: /home/zen/CLionProjects/ballFinderMK1/cmake-build-debug/CMakeFiles/CMakeTmp

Run Build Command:"/usr/bin/make" "cmTC_de324/fast"
/usr/bin/make -f CMakeFiles/cmTC_de324.dir/build.make CMakeFiles/cmTC_de324.dir/build
make[1]: Entering directory '/home/zen/CLionProjects/ballFinderMK1/cmake-build-debug/CMakeFiles/CMakeTmp'
Building C object CMakeFiles/cmTC_de324.dir/CheckSymbolExists.c.o
/usr/bin/cc    -o CMakeFiles/cmTC_de324.dir/CheckSymbolExists.c.o   -c /home/zen/CLionProjects/ballFinderMK1/cmake-build-debug/CMakeFiles/CMakeTmp/CheckSymbolExists.c
Linking C executable cmTC_de324
/home/zen/Downloads/CLion-2018.2.5/clion-2018.2.5/bin/cmake/linux/bin/cmake -E cmake_link_script CMakeFiles/cmTC_de324.dir/link.txt --verbose=1
/usr/bin/cc      CMakeFiles/cmTC_de324.dir/CheckSymbolExists.c.o  -o cmTC_de324 
CMakeFiles/cmTC_de324.dir/CheckSymbolExists.c.o: In function `main':
CheckSymbolExists.c:(.text+0x1b): undefined reference to `pthread_create'
collect2: error: ld returned 1 exit status
CMakeFiles/cmTC_de324.dir/build.make:86: recipe for target 'cmTC_de324' failed
make[1]: *** [cmTC_de324] Error 1
make[1]: Leaving directory '/home/zen/CLionProjects/ballFinderMK1/cmake-build-debug/CMakeFiles/CMakeTmp'
Makefile:121: recipe for target 'cmTC_de324/fast' failed
make: *** [cmTC_de324/fast] Error 2

File /home/zen/CLionProjects/ballFinderMK1/cmake-build-debug/CMakeFiles/CMakeTmp/CheckSymbolExists.c:
/* */
#include <pthread.h>

int main(int argc, char** argv)
{
  (void)argv;
#ifndef pthread_create
  return ((int*)(&pthread_create))[argc];
#else
  (void)argc;
  return 0;
#endif
}

Determining if the function pthread_create exists in the pthreads failed with the following output:
Change Dir: /home/zen/CLionProjects/ballFinderMK1/cmake-build-debug/CMakeFiles/CMakeTmp

Run Build Command:"/usr/bin/make" "cmTC_a6be5/fast"
/usr/bin/make -f CMakeFiles/cmTC_a6be5.dir/build.make CMakeFiles/cmTC_a6be5.dir/build
make[1]: Entering directory '/home/zen/CLionProjects/ballFinderMK1/cmake-build-debug/CMakeFiles/CMakeTmp'
Building C object CMakeFiles/cmTC_a6be5.dir/CheckFunctionExists.c.o
/usr/bin/cc   -DCHECK_FUNCTION_EXISTS=pthread_create   -o CMakeFiles/cmTC_a6be5.dir/CheckFunctionExists.c.o   -c /home/zen/Downloads/CLion-2018.2.5/clion-2018.2.5/bin/cmake/linux/share/cmake-3.12/Modules/CheckFunctionExists.c
Linking C executable cmTC_a6be5
/home/zen/Downloads/CLion-2018.2.5/clion-2018.2.5/bin/cmake/linux/bin/cmake -E cmake_link_script CMakeFiles/cmTC_a6be5.dir/link.txt --verbose=1
/usr/bin/cc  -DCHECK_FUNCTION_EXISTS=pthread_create    CMakeFiles/cmTC_a6be5.dir/CheckFunctionExists.c.o  -o cmTC_a6be5 -lpthreads 
/usr/bin/ld: cannot find -lpthreads
collect2: error: ld returned 1 exit status
CMakeFiles/cmTC_a6be5.dir/build.make:86: recipe for target 'cmTC_a6be5' failed
make[1]: *** [cmTC_a6be5] Error 1
make[1]: Leaving directory '/home/zen/CLionProjects/ballFinderMK1/cmake-build-debug/CMakeFiles/CMakeTmp'
Makefile:121: recipe for target 'cmTC_a6be5/fast' failed
make: *** [cmTC_a6be5/fast] Error 2


